#
# A fatal error has been detected by the Java Runtime Environment:
#
#  SIGBUS (0xa) at pc=0x0000000108b874d2, pid=9353, tid=18947
#
# JRE version: Java(TM) SE Runtime Environment (8.0_45-b14) (build 1.8.0_45-b14)
# Java VM: Java HotSpot(TM) 64-Bit Server VM (25.45-b02 mixed mode bsd-amd64 compressed oops)
# Problematic frame:
# V  [libjvm.dylib+0x5874d2]  interpretedVFrame::monitors() const+0xe0
#
# Failed to write core dump. Core dumps have been disabled. To enable core dumping, try "ulimit -c unlimited" before starting Java again
#
# If you would like to submit a bug report, please visit:
#   http://bugreport.java.com/bugreport/crash.jsp
#

---------------  T H R E A D  ---------------

Current thread (0x00007fb74c82c800):  JavaThread "JDWP Transport Listener: dt_socket" daemon [_thread_in_vm, id=18947, stack(0x0000700000ec4000,0x0000700000fc4000)]

siginfo: si_signo: 10 (SIGBUS), si_code: 2 (BUS_ADRERR), si_addr: 0x000070000011cff0

Registers:
RAX=0x000000076ab9dd90, RBX=0x00007fb74d087a10, RCX=0x00007fb74f8e6b90, RDX=0x0000000125fb9010
RSP=0x0000700000fc3130, RBP=0x0000700000fc3220, RSI=0x000070000011cff8, RDI=0x0000700000fc3190
R8 =0x0000000000000000, R9 =0x0000000108e0dcc8, R10=0x00000000ffffffff, R11=0xffffffff00000000
R12=0x000070000011cfe8, R13=0x0000000000000000, R14=0x00007fb74d088010, R15=0x0000700000fc31c8
RIP=0x0000000108b874d2, EFLAGS=0x0000000000010202, ERR=0x0000000000000004
  TRAPNO=0x000000000000000e

Top of Stack: (sp=0x0000700000fc3130)
0x0000700000fc3130:   00007000002198f8 000000010957c925
0x0000700000fc3140:   000000010956e5d0 0000000000000000
0x0000700000fc3150:   0000700000219938 00007000002198f8
0x0000700000fc3160:   00007000002198f8 000000010957c925
0x0000700000fc3170:   000000010956e5d0 0000000000000000
0x0000700000fc3180:   0000700000219938 00007000002198f8
0x0000700000fc3190:   00007000002198f8 000000010957c925
0x0000700000fc31a0:   000000010956e5d0 0000000000000000
0x0000700000fc31b0:   0000700000219938 00007000002198f8
0x0000700000fc31c0:   00007fb74f8e6b90 00007000002198f8
0x0000700000fc31d0:   000000010957c925 000000010956e5d0
0x0000700000fc31e0:   0000000000000000 0000700000219938
0x0000700000fc31f0:   00007000002198f8 00007fb74bd19940
0x0000700000fc3200:   0000000108dfa828 00007fb74d087a10
0x0000700000fc3210:   00007fb74d087a10 00007fb74c806800
0x0000700000fc3220:   0000700000fc32f0 0000000108975316
0x0000700000fc3230:   0000700000fc3250 0000000108a52c3e
0x0000700000fc3240:   00007fb74c82c800 0000000000fc32a8
0x0000700000fc3250:   0000700000fc3270 0000000108a4d60e
0x0000700000fc3260:   0000700000fc32a8 0000700000fc3310
0x0000700000fc3270:   00007fb74bd19940 00007fb74c806800
0x0000700000fc3280:   00007fb74c806800 0000700000fc32a8
0x0000700000fc3290:   0000700000fc32f0 0000000108b47427
0x0000700000fc32a0:   00007fb74be1faf0 00007fb74d087a00
0x0000700000fc32b0:   00007fb74d088010 00007fb74d08f9e8
0x0000700000fc32c0:   00000000000083b0 00007fb74c806800
0x0000700000fc32d0:   0000000108dfa828 00007fb74d087a10
0x0000700000fc32e0:   00007fb74c82c800 0000000000000000
0x0000700000fc32f0:   0000700000fc3980 00000001089762c4
0x0000700000fc3300:   00007fb74be0d2b0 00007fb74bd19940
0x0000700000fc3310:   0000700000fc3360 00000001086a1ecd
0x0000700000fc3320:   00007fb74d088230 0000000000000000 

Instructions: (pc=0x0000000108b874d2)
0x0000000108b874b2:   48 8b 4b 30 48 89 8d 68 ff ff ff 48 8d bd 40 ff
0x0000000108b874c2:   ff ff 48 89 c6 e8 8e a3 cb ff 4c 8d 7d a8 eb 79
0x0000000108b874d2:   4d 8b 6c 24 08 31 f6 bf 20 00 00 00 e8 59 56 f3
0x0000000108b874e2:   ff 48 85 c0 74 17 4c 89 28 48 c7 40 10 00 00 00 

Register to memory mapping:

RAX=0x000000076ab9dd90 is an oop
java.lang.ArrayIndexOutOfBoundsException 
 - klass: 'java/lang/ArrayIndexOutOfBoundsException'
RBX=0x00007fb74d087a10 is an unknown value
RCX=0x00007fb74f8e6b90 is an unknown value
RDX=0x0000000125fb9010 is an unknown value
RSP=0x0000700000fc3130 is pointing into the stack for thread: 0x00007fb74c82c800
RBP=0x0000700000fc3220 is pointing into the stack for thread: 0x00007fb74c82c800
RSI=0x000070000011cff8 is pointing into the stack for thread: 0x00007fb74c806800
RDI=0x0000700000fc3190 is pointing into the stack for thread: 0x00007fb74c82c800
R8 =0x0000000000000000 is an unknown value
R9 =0x0000000108e0dcc8: _ZL8tc_mutex+0x18 in /Library/Java/JavaVirtualMachines/jdk1.8.0_45.jdk/Contents/Home/jre/lib/server/libjvm.dylib at 0x0000000108600000
R10=0x00000000ffffffff is an unknown value
R11=0xffffffff00000000 is an unknown value
R12=0x000070000011cfe8 is pointing into the stack for thread: 0x00007fb74c806800
R13=0x0000000000000000 is an unknown value
R14=0x00007fb74d088010 is an unknown value
R15=0x0000700000fc31c8 is pointing into the stack for thread: 0x00007fb74c82c800


Stack: [0x0000700000ec4000,0x0000700000fc4000],  sp=0x0000700000fc3130,  free space=1020k
Native frames: (J=compiled Java code, j=interpreted, Vv=VM code, C=native code)
V  [libjvm.dylib+0x5874d2]  interpretedVFrame::monitors() const+0xe0
V  [libjvm.dylib+0x375316]  JvmtiEnvBase::get_locked_objects_in_frame(JavaThread*, JavaThread*, javaVFrame*, GrowableArray<_jvmtiMonitorStackDepthInfo*>*, int)+0x6e
V  [libjvm.dylib+0x3762c4]  JvmtiEnvBase::get_owned_monitors(JavaThread*, JavaThread*, GrowableArray<_jvmtiMonitorStackDepthInfo*>*)+0xe2
V  [libjvm.dylib+0x372d97]  JvmtiEnv::GetOwnedMonitorInfo(JavaThread*, int*, _jobject***)+0x9b
V  [libjvm.dylib+0x3485b5]  jvmti_GetOwnedMonitorInfo+0x155
C  [libjdwp.dylib+0x8500]  ownedMonitors+0xe7
C  [libjdwp.dylib+0xe898]  debugLoop_run+0x1ce
C  [libjdwp.dylib+0x1f6ba]  attachThread+0x4d
V  [libjvm.dylib+0x38401c]  JvmtiAgentThread::call_start_function()+0x38
V  [libjvm.dylib+0x549acf]  JavaThread::thread_main_inner()+0x9b
V  [libjvm.dylib+0x54b1c0]  JavaThread::run()+0x1c2
V  [libjvm.dylib+0x46ea7e]  java_start(Thread*)+0xf6
C  [libsystem_pthread.dylib+0x39b1]  _pthread_body+0x83
C  [libsystem_pthread.dylib+0x392e]  _pthread_body+0x0
C  [libsystem_pthread.dylib+0x1385]  thread_start+0xd
C  0x0000000000000000


---------------  P R O C E S S  ---------------

Java Threads: ( => current thread )
  0x00007fb74d0b0000 JavaThread "Service Thread" daemon [_thread_blocked, id=22531, stack(0x00007000015d9000,0x00007000016d9000)]
  0x00007fb74e004800 JavaThread "C1 CompilerThread3" daemon [_thread_blocked, id=22019, stack(0x00007000014d6000,0x00007000015d6000)]
  0x00007fb74f01e800 JavaThread "C2 CompilerThread2" daemon [_thread_blocked, id=21507, stack(0x00007000013d3000,0x00007000014d3000)]
  0x00007fb74f015800 JavaThread "C2 CompilerThread1" daemon [_thread_blocked, id=20995, stack(0x00007000012d0000,0x00007000013d0000)]
  0x00007fb74d034800 JavaThread "C2 CompilerThread0" daemon [_thread_blocked, id=20483, stack(0x00007000011cd000,0x00007000012cd000)]
  0x00007fb74e003800 JavaThread "JDWP Command Reader" daemon [_thread_in_native, id=19971, stack(0x00007000010ca000,0x00007000011ca000)]
  0x00007fb74c82d000 JavaThread "JDWP Event Helper Thread" daemon [_thread_blocked, id=19459, stack(0x0000700000fc7000,0x00007000010c7000)]
=>0x00007fb74c82c800 JavaThread "JDWP Transport Listener: dt_socket" daemon [_thread_in_vm, id=18947, stack(0x0000700000ec4000,0x0000700000fc4000)]
  0x00007fb74c006000 JavaThread "Signal Dispatcher" daemon [_thread_blocked, id=15887, stack(0x0000700000dc1000,0x0000700000ec1000)]
  0x00007fb74c00c000 JavaThread "Finalizer" daemon [_thread_blocked, id=14339, stack(0x0000700000c3b000,0x0000700000d3b000)]
  0x00007fb74c00b800 JavaThread "Reference Handler" daemon [_thread_blocked, id=13827, stack(0x0000700000b38000,0x0000700000c38000)]
  0x00007fb74c806800 JavaThread "main" [_thread_blocked, id=5891, stack(0x000070000011a000,0x000070000021a000)]

Other Threads:
  0x00007fb74c819800 VMThread [stack: 0x0000700000a35000,0x0000700000b35000] [id=13315]
  0x00007fb74f002800 WatcherThread [stack: 0x00007000016dc000,0x00007000017dc000] [id=23043]

VM state:not at safepoint (normal execution)

VM Mutex/Monitor currently owned by a thread: None

Heap:
 PSYoungGen      total 76288K, used 5243K [0x000000076ab00000, 0x0000000770000000, 0x00000007c0000000)
  eden space 65536K, 8% used [0x000000076ab00000,0x000000076b01ec70,0x000000076eb00000)
  from space 10752K, 0% used [0x000000076f580000,0x000000076f580000,0x0000000770000000)
  to   space 10752K, 0% used [0x000000076eb00000,0x000000076eb00000,0x000000076f580000)
 ParOldGen       total 175104K, used 0K [0x00000006c0000000, 0x00000006cab00000, 0x000000076ab00000)
  object space 175104K, 0% used [0x00000006c0000000,0x00000006c0000000,0x00000006cab00000)
 Metaspace       used 2815K, capacity 4490K, committed 4864K, reserved 1056768K
  class space    used 302K, capacity 386K, committed 512K, reserved 1048576K

Card table byte_map: [0x0000000118929000,0x000000011912a000] byte_map_base: 0x0000000115329000

Marking Bits: (ParMarkBitMap*) 0x0000000108ec27a0
 Begin Bits: [0x0000000119680000, 0x000000011d680000)
 End Bits:   [0x000000011d680000, 0x0000000121680000)

Polling page: 0x0000000107557000

CodeCache: size=245760Kb used=1135Kb max_used=1135Kb free=244624Kb
 bounds [0x0000000109569000, 0x00000001097d9000, 0x0000000118569000]
 total_blobs=265 nmethods=30 adapters=157
 compilation: enabled

Compilation events (10 events):
Event: 0.125 Thread 0x00007fb74e004800   26       3       java.lang.String::getChars (62 bytes)
Event: 0.125 Thread 0x00007fb74e004800 nmethod 26 0x00000001096832d0 code [0x00000001096834a0, 0x0000000109683938]
Event: 0.126 Thread 0x00007fb74e004800   27       1       java.lang.ThreadLocal::access$400 (5 bytes)
Event: 0.127 Thread 0x00007fb74e004800 nmethod 27 0x0000000109683c10 code [0x0000000109683d60, 0x0000000109683e50]
Event: 0.127 Thread 0x00007fb74e004800   28       3       java.util.HashMap::newNode (13 bytes)
Event: 0.127 Thread 0x00007fb74e004800 nmethod 28 0x0000000109683ed0 code [0x0000000109684040, 0x00000001096842f0]
Event: 0.127 Thread 0x00007fb74e004800   29       3       java.util.HashMap::afterNodeInsertion (1 bytes)
Event: 0.127 Thread 0x00007fb74e004800 nmethod 29 0x0000000109684450 code [0x00000001096845a0, 0x00000001096846f0]
Event: 0.128 Thread 0x00007fb74e004800   30       3       java.lang.System::getSecurityManager (4 bytes)
Event: 0.128 Thread 0x00007fb74e004800 nmethod 30 0x0000000109684750 code [0x00000001096848a0, 0x00000001096849f0]

GC Heap History (0 events):
No events

Deoptimization events (0 events):
No events

Internal exceptions (3 events):
Event: 0.039 Thread 0x00007fb74c806800 Exception <a 'java/lang/NoSuchMethodError': Method sun.misc.Unsafe.defineClass(Ljava/lang/String;[BII)Ljava/lang/Class; name or signature does not match> (0x000000076ab12db0) thrown at [/Users/java_re/workspace/8-2-build-macosx-x86_64/jdk8u45/3457/hotspot
Event: 0.039 Thread 0x00007fb74c806800 Exception <a 'java/lang/NoSuchMethodError': Method sun.misc.Unsafe.prefetchRead(Ljava/lang/Object;J)V name or signature does not match> (0x000000076ab13040) thrown at [/Users/java_re/workspace/8-2-build-macosx-x86_64/jdk8u45/3457/hotspot/src/share/vm/prim
Event: 0.128 Thread 0x00007fb74c806800 Exception <a 'java/lang/ArrayIndexOutOfBoundsException': 4> (0x000000076ab9dd90) thrown at [/Users/java_re/workspace/8-2-build-macosx-x86_64/jdk8u45/3457/hotspot/src/share/vm/interpreter/interpreterRuntime.cpp, line 366]

Events (10 events):
Event: 4.150 Executing VM operation: EnableBiasedLocking
Event: 4.150 Executing VM operation: EnableBiasedLocking done
Event: 43.115 Executing VM operation: GetCurrentLocation
Event: 43.115 Executing VM operation: GetCurrentLocation done
Event: 43.115 Executing VM operation: EnterInterpOnlyMode
Event: 43.115 Executing VM operation: EnterInterpOnlyMode done
Event: 43.115 Executing VM operation: ChangeSingleStep
Event: 43.115 Executing VM operation: ChangeSingleStep done
Event: 43.115 Executing VM operation: ChangeSingleStep
Event: 43.115 Executing VM operation: ChangeSingleStep done


Dynamic libraries:
0x0000000001b3d000 	/System/Library/Frameworks/Cocoa.framework/Versions/A/Cocoa
0x0000000001b3d000 	/System/Library/Frameworks/Security.framework/Versions/A/Security
0x0000000001b3d000 	/System/Library/Frameworks/ApplicationServices.framework/Versions/A/ApplicationServices
0x0000000001b3d000 	/usr/lib/libz.1.dylib
0x0000000001b3d000 	/usr/lib/libSystem.B.dylib
0x0000000001b3d000 	/usr/lib/libobjc.A.dylib
0x0000000001b3d000 	/System/Library/Frameworks/CoreFoundation.framework/Versions/A/CoreFoundation
0x0000000001b3d000 	/System/Library/Frameworks/Foundation.framework/Versions/C/Foundation
0x0000000001b3d000 	/System/Library/Frameworks/AppKit.framework/Versions/C/AppKit
0x0000000001b3d000 	/System/Library/Frameworks/CoreData.framework/Versions/A/CoreData
0x0000000001b3d000 	/System/Library/PrivateFrameworks/RemoteViewServices.framework/Versions/A/RemoteViewServices
0x0000000001b3d000 	/System/Library/PrivateFrameworks/UIFoundation.framework/Versions/A/UIFoundation
0x0000000001b3d000 	/usr/lib/libScreenReader.dylib
0x0000000001b3d000 	/System/Library/Frameworks/Accelerate.framework/Versions/A/Accelerate
0x0000000001b3d000 	/System/Library/Frameworks/IOSurface.framework/Versions/A/IOSurface
0x0000000001b3d000 	/System/Library/Frameworks/AudioToolbox.framework/Versions/A/AudioToolbox
0x0000000001b3d000 	/System/Library/Frameworks/AudioUnit.framework/Versions/A/AudioUnit
0x0000000001b3d000 	/System/Library/PrivateFrameworks/DataDetectorsCore.framework/Versions/A/DataDetectorsCore
0x0000000001b3d000 	/System/Library/PrivateFrameworks/DesktopServicesPriv.framework/Versions/A/DesktopServicesPriv
0x0000000001b3d000 	/System/Library/Frameworks/Carbon.framework/Versions/A/Frameworks/HIToolbox.framework/Versions/A/HIToolbox
0x0000000001b3d000 	/System/Library/Frameworks/QuartzCore.framework/Versions/A/QuartzCore
0x0000000001b3d000 	/System/Library/Frameworks/Carbon.framework/Versions/A/Frameworks/SpeechRecognition.framework/Versions/A/SpeechRecognition
0x0000000001b3d000 	/usr/lib/libauto.dylib
0x0000000001b3d000 	/usr/lib/libicucore.A.dylib
0x0000000001b3d000 	/usr/lib/libxml2.2.dylib
0x0000000001b3d000 	/System/Library/PrivateFrameworks/CoreUI.framework/Versions/A/CoreUI
0x0000000001b3d000 	/System/Library/Frameworks/CoreAudio.framework/Versions/A/CoreAudio
0x0000000001b3d000 	/System/Library/Frameworks/DiskArbitration.framework/Versions/A/DiskArbitration
0x0000000001b3d000 	/usr/lib/liblangid.dylib
0x0000000001b3d000 	/System/Library/PrivateFrameworks/MultitouchSupport.framework/Versions/A/MultitouchSupport
0x0000000001b3d000 	/System/Library/Frameworks/IOKit.framework/Versions/A/IOKit
0x0000000001b3d000 	/usr/lib/libDiagnosticMessagesClient.dylib
0x0000000001b3d000 	/System/Library/Frameworks/CoreServices.framework/Versions/A/CoreServices
0x0000000001b3d000 	/System/Library/PrivateFrameworks/PerformanceAnalysis.framework/Versions/A/PerformanceAnalysis
0x0000000001b3d000 	/System/Library/PrivateFrameworks/GenerationalStorage.framework/Versions/A/GenerationalStorage
0x0000000001b3d000 	/System/Library/Frameworks/OpenGL.framework/Versions/A/OpenGL
0x0000000001b3d000 	/System/Library/PrivateFrameworks/Sharing.framework/Versions/A/Sharing
0x0000000001b3d000 	/System/Library/Frameworks/CoreGraphics.framework/Versions/A/CoreGraphics
0x0000000001b3d000 	/System/Library/Frameworks/CoreImage.framework/Versions/A/CoreImage
0x0000000001b3d000 	/System/Library/Frameworks/CoreText.framework/Versions/A/CoreText
0x0000000001b3d000 	/System/Library/Frameworks/ImageIO.framework/Versions/A/ImageIO
0x0000000001b3d000 	/System/Library/PrivateFrameworks/Backup.framework/Versions/A/Backup
0x0000000001b3d000 	/usr/lib/libextension.dylib
0x0000000001b3d000 	/usr/lib/libarchive.2.dylib
0x0000000001b3d000 	/System/Library/Frameworks/CFNetwork.framework/Versions/A/CFNetwork
0x0000000001b3d000 	/System/Library/Frameworks/SystemConfiguration.framework/Versions/A/SystemConfiguration
0x0000000001b3d000 	/usr/lib/libCRFSuite.dylib
0x0000000001b3d000 	/usr/lib/libc++.1.dylib
0x0000000001b3d000 	/usr/lib/libc++abi.dylib
0x0000000001b3d000 	/usr/lib/system/libcache.dylib
0x0000000001b3d000 	/usr/lib/system/libcommonCrypto.dylib
0x0000000001b3d000 	/usr/lib/system/libcompiler_rt.dylib
0x0000000001b3d000 	/usr/lib/system/libcopyfile.dylib
0x0000000001b3d000 	/usr/lib/system/libcorecrypto.dylib
0x0000000001b3d000 	/usr/lib/system/libdispatch.dylib
0x0000000001b3d000 	/usr/lib/system/libdyld.dylib
0x0000000001b3d000 	/usr/lib/system/libkeymgr.dylib
0x0000000001b3d000 	/usr/lib/system/liblaunch.dylib
0x0000000001b3d000 	/usr/lib/system/libmacho.dylib
0x0000000001b3d000 	/usr/lib/system/libquarantine.dylib
0x0000000001b3d000 	/usr/lib/system/libremovefile.dylib
0x0000000001b3d000 	/usr/lib/system/libsystem_asl.dylib
0x0000000001b3d000 	/usr/lib/system/libsystem_blocks.dylib
0x0000000001b3d000 	/usr/lib/system/libsystem_c.dylib
0x0000000001b3d000 	/usr/lib/system/libsystem_configuration.dylib
0x0000000001b3d000 	/usr/lib/system/libsystem_coreservices.dylib
0x0000000001b3d000 	/usr/lib/system/libsystem_coretls.dylib
0x0000000001b3d000 	/usr/lib/system/libsystem_dnssd.dylib
0x0000000001b3d000 	/usr/lib/system/libsystem_info.dylib
0x0000000001b3d000 	/usr/lib/system/libsystem_kernel.dylib
0x0000000001b3d000 	/usr/lib/system/libsystem_m.dylib
0x0000000001b3d000 	/usr/lib/system/libsystem_malloc.dylib
0x0000000001b3d000 	/usr/lib/system/libsystem_network.dylib
0x0000000001b3d000 	/usr/lib/system/libsystem_networkextension.dylib
0x0000000001b3d000 	/usr/lib/system/libsystem_notify.dylib
0x0000000001b3d000 	/usr/lib/system/libsystem_platform.dylib
0x0000000001b3d000 	/usr/lib/system/libsystem_pthread.dylib
0x0000000001b3d000 	/usr/lib/system/libsystem_sandbox.dylib
0x0000000001b3d000 	/usr/lib/system/libsystem_secinit.dylib
0x0000000001b3d000 	/usr/lib/system/libsystem_trace.dylib
0x0000000001b3d000 	/usr/lib/system/libunc.dylib
0x0000000001b3d000 	/usr/lib/system/libunwind.dylib
0x0000000001b3d000 	/usr/lib/system/libxpc.dylib
0x0000000001b3d000 	/usr/lib/libenergytrace.dylib
0x0000000001b3d000 	/usr/lib/libbsm.0.dylib
0x0000000001b3d000 	/usr/lib/system/libkxld.dylib
0x0000000001b3d000 	/usr/lib/libxar.1.dylib
0x0000000001b3d000 	/usr/lib/libsqlite3.dylib
0x0000000001b3d000 	/usr/lib/libpam.2.dylib
0x0000000001b3d000 	/usr/lib/libOpenScriptingUtil.dylib
0x0000000001b3d000 	/usr/lib/libbz2.1.0.dylib
0x0000000001b3d000 	/usr/lib/liblzma.5.dylib
0x0000000001b3d000 	/System/Library/Frameworks/CoreServices.framework/Versions/A/Frameworks/FSEvents.framework/Versions/A/FSEvents
0x0000000001b3d000 	/System/Library/Frameworks/CoreServices.framework/Versions/A/Frameworks/CarbonCore.framework/Versions/A/CarbonCore
0x0000000001b3d000 	/System/Library/Frameworks/CoreServices.framework/Versions/A/Frameworks/Metadata.framework/Versions/A/Metadata
0x0000000001b3d000 	/System/Library/Frameworks/CoreServices.framework/Versions/A/Frameworks/OSServices.framework/Versions/A/OSServices
0x0000000001b3d000 	/System/Library/Frameworks/CoreServices.framework/Versions/A/Frameworks/SearchKit.framework/Versions/A/SearchKit
0x0000000001b3d000 	/System/Library/Frameworks/CoreServices.framework/Versions/A/Frameworks/AE.framework/Versions/A/AE
0x0000000001b3d000 	/System/Library/Frameworks/CoreServices.framework/Versions/A/Frameworks/LaunchServices.framework/Versions/A/LaunchServices
0x0000000001b3d000 	/System/Library/Frameworks/CoreServices.framework/Versions/A/Frameworks/DictionaryServices.framework/Versions/A/DictionaryServices
0x0000000001b3d000 	/System/Library/Frameworks/CoreServices.framework/Versions/A/Frameworks/SharedFileList.framework/Versions/A/SharedFileList
0x0000000001b3d000 	/System/Library/Frameworks/NetFS.framework/Versions/A/NetFS
0x0000000001b3d000 	/System/Library/PrivateFrameworks/NetAuth.framework/Versions/A/NetAuth
0x0000000001b3d000 	/System/Library/PrivateFrameworks/login.framework/Versions/A/Frameworks/loginsupport.framework/Versions/A/loginsupport
0x0000000001b3d000 	/System/Library/PrivateFrameworks/TCC.framework/Versions/A/TCC
0x0000000001b3d000 	/usr/lib/libmecabra.dylib
0x0000000001b3d000 	/System/Library/Frameworks/ApplicationServices.framework/Versions/A/Frameworks/ATS.framework/Versions/A/ATS
0x0000000001b3d000 	/System/Library/Frameworks/ApplicationServices.framework/Versions/A/Frameworks/ColorSync.framework/Versions/A/ColorSync
0x0000000001b3d000 	/System/Library/Frameworks/ApplicationServices.framework/Versions/A/Frameworks/HIServices.framework/Versions/A/HIServices
0x0000000001b3d000 	/System/Library/Frameworks/ApplicationServices.framework/Versions/A/Frameworks/LangAnalysis.framework/Versions/A/LangAnalysis
0x0000000001b3d000 	/System/Library/Frameworks/ApplicationServices.framework/Versions/A/Frameworks/PrintCore.framework/Versions/A/PrintCore
0x0000000001b3d000 	/System/Library/Frameworks/ApplicationServices.framework/Versions/A/Frameworks/QD.framework/Versions/A/QD
0x0000000001b3d000 	/System/Library/Frameworks/ApplicationServices.framework/Versions/A/Frameworks/SpeechSynthesis.framework/Versions/A/SpeechSynthesis
0x0000000001b3d000 	/System/Library/Frameworks/Metal.framework/Versions/A/Metal
0x0000000001b3d000 	/System/Library/Frameworks/Accelerate.framework/Versions/A/Frameworks/vImage.framework/Versions/A/vImage
0x0000000001b3d000 	/System/Library/Frameworks/Accelerate.framework/Versions/A/Frameworks/vecLib.framework/Versions/A/vecLib
0x0000000001b3d000 	/System/Library/Frameworks/Accelerate.framework/Versions/A/Frameworks/vecLib.framework/Versions/A/libvDSP.dylib
0x0000000001b3d000 	/System/Library/Frameworks/Accelerate.framework/Versions/A/Frameworks/vecLib.framework/Versions/A/libvMisc.dylib
0x0000000001b3d000 	/System/Library/Frameworks/Accelerate.framework/Versions/A/Frameworks/vecLib.framework/Versions/A/libLAPACK.dylib
0x0000000001b3d000 	/System/Library/Frameworks/Accelerate.framework/Versions/A/Frameworks/vecLib.framework/Versions/A/libBLAS.dylib
0x0000000001b3d000 	/System/Library/Frameworks/Accelerate.framework/Versions/A/Frameworks/vecLib.framework/Versions/A/libLinearAlgebra.dylib
0x0000000001b3d000 	/System/Library/Frameworks/Accelerate.framework/Versions/A/Frameworks/vecLib.framework/Versions/A/libSparseBLAS.dylib
0x0000000001b3d000 	/System/Library/PrivateFrameworks/GPUCompiler.framework/libmetal_timestamp.dylib
0x0000000001b3d000 	/System/Library/Frameworks/OpenGL.framework/Versions/A/Libraries/libCoreFSCache.dylib
0x0000000001b3d000 	/System/Library/PrivateFrameworks/IOAccelerator.framework/Versions/A/IOAccelerator
0x0000000001b3d000 	/System/Library/Frameworks/ApplicationServices.framework/Versions/A/Frameworks/ATS.framework/Versions/A/Resources/libFontParser.dylib
0x0000000001b3d000 	/System/Library/Frameworks/ApplicationServices.framework/Versions/A/Frameworks/ATS.framework/Versions/A/Resources/libFontRegistry.dylib
0x0000000001b3d000 	/System/Library/PrivateFrameworks/AppleVPA.framework/Versions/A/AppleVPA
0x0000000001b3d000 	/System/Library/PrivateFrameworks/AppleJPEG.framework/Versions/A/AppleJPEG
0x0000000001b3d000 	/System/Library/Frameworks/ImageIO.framework/Versions/A/Resources/libJPEG.dylib
0x0000000001b3d000 	/System/Library/Frameworks/ImageIO.framework/Versions/A/Resources/libTIFF.dylib
0x0000000001b3d000 	/System/Library/Frameworks/ImageIO.framework/Versions/A/Resources/libPng.dylib
0x0000000001b3d000 	/System/Library/Frameworks/ImageIO.framework/Versions/A/Resources/libGIF.dylib
0x0000000001b3d000 	/System/Library/Frameworks/ImageIO.framework/Versions/A/Resources/libJP2.dylib
0x0000000001b3d000 	/System/Library/Frameworks/ImageIO.framework/Versions/A/Resources/libRadiance.dylib
0x0000000001b3d000 	/System/Library/Frameworks/CoreVideo.framework/Versions/A/CoreVideo
0x0000000001b3d000 	/System/Library/Frameworks/OpenGL.framework/Versions/A/Libraries/libGLU.dylib
0x0000000001b3d000 	/System/Library/Frameworks/OpenGL.framework/Versions/A/Libraries/libGFXShared.dylib
0x0000000001b3d000 	/System/Library/Frameworks/OpenGL.framework/Versions/A/Libraries/libGL.dylib
0x0000000001b3d000 	/System/Library/Frameworks/OpenGL.framework/Versions/A/Libraries/libGLImage.dylib
0x0000000001b3d000 	/System/Library/Frameworks/OpenGL.framework/Versions/A/Libraries/libCVMSPluginSupport.dylib
0x0000000001b3d000 	/System/Library/Frameworks/OpenGL.framework/Versions/A/Libraries/libCoreVMClient.dylib
0x0000000001b3d000 	/usr/lib/libcups.2.dylib
0x0000000001b3d000 	/System/Library/Frameworks/Kerberos.framework/Versions/A/Kerberos
0x0000000001b3d000 	/System/Library/Frameworks/GSS.framework/Versions/A/GSS
0x0000000001b3d000 	/usr/lib/libresolv.9.dylib
0x0000000001b3d000 	/usr/lib/libiconv.2.dylib
0x0000000001b3d000 	/System/Library/PrivateFrameworks/Heimdal.framework/Versions/A/Heimdal
0x0000000001b3d000 	/usr/lib/libheimdal-asn1.dylib
0x0000000001b3d000 	/System/Library/Frameworks/OpenDirectory.framework/Versions/A/OpenDirectory
0x0000000001b3d000 	/System/Library/PrivateFrameworks/CommonAuth.framework/Versions/A/CommonAuth
0x0000000001b3d000 	/System/Library/Frameworks/OpenDirectory.framework/Versions/A/Frameworks/CFOpenDirectory.framework/Versions/A/CFOpenDirectory
0x0000000001b3d000 	/System/Library/Frameworks/SecurityFoundation.framework/Versions/A/SecurityFoundation
0x0000000001b3d000 	/System/Library/PrivateFrameworks/LanguageModeling.framework/Versions/A/LanguageModeling
0x0000000001b3d000 	/usr/lib/libmarisa.dylib
0x0000000001b3d000 	/usr/lib/libChineseTokenizer.dylib
0x0000000001b3d000 	/usr/lib/libcmph.dylib
0x0000000001b3d000 	/usr/lib/libcompression.dylib
0x0000000001b3d000 	/System/Library/Frameworks/ServiceManagement.framework/Versions/A/ServiceManagement
0x0000000001b3d000 	/usr/lib/libxslt.1.dylib
0x0000000001b3d000 	/System/Library/Frameworks/Carbon.framework/Versions/A/Frameworks/Ink.framework/Versions/A/Ink
0x0000000001b3d000 	/usr/lib/libFosl_dynamic.dylib
0x0000000001b3d000 	/System/Library/PrivateFrameworks/FaceCore.framework/Versions/A/FaceCore
0x0000000001b3d000 	/System/Library/Frameworks/OpenCL.framework/Versions/A/OpenCL
0x0000000001b3d000 	/System/Library/PrivateFrameworks/CrashReporterSupport.framework/Versions/A/CrashReporterSupport
0x0000000001b3d000 	/System/Library/PrivateFrameworks/IconServices.framework/Versions/A/IconServices
0x0000000001b3d000 	/System/Library/PrivateFrameworks/Apple80211.framework/Versions/A/Apple80211
0x0000000001b3d000 	/System/Library/Frameworks/CoreWLAN.framework/Versions/A/CoreWLAN
0x0000000001b3d000 	/System/Library/Frameworks/IOBluetooth.framework/Versions/A/IOBluetooth
0x0000000001b3d000 	/System/Library/PrivateFrameworks/CoreWiFi.framework/Versions/A/CoreWiFi
0x0000000001b3d000 	/System/Library/Frameworks/CoreBluetooth.framework/Versions/A/CoreBluetooth
0x0000000001b3d000 	/System/Library/PrivateFrameworks/ChunkingLibrary.framework/Versions/A/ChunkingLibrary
0x0000000001b3d000 	/System/Library/PrivateFrameworks/DebugSymbols.framework/Versions/A/DebugSymbols
0x0000000001b3d000 	/System/Library/PrivateFrameworks/CoreSymbolication.framework/Versions/A/CoreSymbolication
0x0000000001b3d000 	/System/Library/PrivateFrameworks/Symbolication.framework/Versions/A/Symbolication
0x0000000001b3d000 	/System/Library/PrivateFrameworks/SpeechRecognitionCore.framework/Versions/A/SpeechRecognitionCore
0x000000004c9b9000 	/System/Library/CoreServices/Encodings/libKoreanConverter.dylib
0x0000000108600000 	/Library/Java/JavaVirtualMachines/jdk1.8.0_45.jdk/Contents/Home/jre/lib/server/libjvm.dylib
0x0000000001b3d000 	/usr/lib/libstdc++.6.dylib
0x0000000107514000 	/Library/Java/JavaVirtualMachines/jdk1.8.0_45.jdk/Contents/Home/jre/lib/libverify.dylib
0x0000000107522000 	/Library/Java/JavaVirtualMachines/jdk1.8.0_45.jdk/Contents/Home/jre/lib/libjava.dylib
0x0000000107558000 	/Library/Java/JavaVirtualMachines/jdk1.8.0_45.jdk/Contents/Home/jre/lib/libjdwp.dylib
0x00000001075a3000 	/Library/Java/JavaVirtualMachines/jdk1.8.0_45.jdk/Contents/Home/jre/lib/libnpt.dylib
0x00000001075b0000 	/Library/Java/JavaVirtualMachines/jdk1.8.0_45.jdk/Contents/Home/jre/lib/libzip.dylib
0x00000001075e2000 	/System/Library/Frameworks/JavaVM.framework/Frameworks/JavaRuntimeSupport.framework/JavaRuntimeSupport
0x00000001245f6000 	/System/Library/Frameworks/JavaVM.framework/Versions/A/Frameworks/JavaNativeFoundation.framework/Versions/A/JavaNativeFoundation
0x000000012460b000 	/System/Library/Frameworks/JavaVM.framework/Versions/A/JavaVM
0x0000000001b3d000 	/System/Library/Frameworks/Carbon.framework/Versions/A/Carbon
0x0000000124618000 	/System/Library/PrivateFrameworks/JavaLaunching.framework/Versions/A/JavaLaunching
0x0000000001b3d000 	/System/Library/Frameworks/Carbon.framework/Versions/A/Frameworks/CommonPanels.framework/Versions/A/CommonPanels
0x0000000001b3d000 	/System/Library/Frameworks/Carbon.framework/Versions/A/Frameworks/Help.framework/Versions/A/Help
0x0000000001b3d000 	/System/Library/Frameworks/Carbon.framework/Versions/A/Frameworks/ImageCapture.framework/Versions/A/ImageCapture
0x0000000001b3d000 	/System/Library/Frameworks/Carbon.framework/Versions/A/Frameworks/OpenScripting.framework/Versions/A/OpenScripting
0x0000000001b3d000 	/System/Library/Frameworks/Carbon.framework/Versions/A/Frameworks/Print.framework/Versions/A/Print
0x0000000001b3d000 	/System/Library/Frameworks/Carbon.framework/Versions/A/Frameworks/SecurityHI.framework/Versions/A/SecurityHI
0x0000000125f36000 	/Library/Java/JavaVirtualMachines/jdk1.8.0_45.jdk/Contents/Home/jre/lib/libdt_socket.dylib

VM Arguments:
jvm_args: -agentlib:jdwp=transport=dt_socket,suspend=y,address=localhost:59505 -Dfile.encoding=UTF-8 
java_command: Study03.Question_4
java_class_path (initial): /Users/gimgitae/Documents/JavaStudy/ReminderAndStarter/daearcdo/HomeWork/bin
Launcher Type: SUN_STANDARD

Environment Variables:
PATH=/usr/bin:/bin:/usr/sbin:/sbin
SHELL=/bin/bash

Signal Handlers:
SIGSEGV: [libjvm.dylib+0x58ef95], sa_mask[0]=11111111011111110111111111111111, sa_flags=SA_ONSTACK|SA_RESTART|SA_SIGINFO
SIGBUS: [libjvm.dylib+0x58ef95], sa_mask[0]=11111111011111110111111111111111, sa_flags=SA_RESTART|SA_SIGINFO
SIGFPE: [libjvm.dylib+0x46c108], sa_mask[0]=11111111011111110111111111111111, sa_flags=SA_RESTART|SA_SIGINFO
SIGPIPE: [libjvm.dylib+0x46c108], sa_mask[0]=11111111011111110111111111111111, sa_flags=SA_RESTART|SA_SIGINFO
SIGXFSZ: [libjvm.dylib+0x46c108], sa_mask[0]=11111111011111110111111111111111, sa_flags=SA_RESTART|SA_SIGINFO
SIGILL: [libjvm.dylib+0x46c108], sa_mask[0]=11111111011111110111111111111111, sa_flags=SA_RESTART|SA_SIGINFO
SIGUSR1: SIG_DFL, sa_mask[0]=00000000000000000000000000000000, sa_flags=none
SIGUSR2: [libjvm.dylib+0x46bc26], sa_mask[0]=00100000000000000000000000000000, sa_flags=SA_RESTART|SA_SIGINFO
SIGHUP: [libjvm.dylib+0x46a1f9], sa_mask[0]=11111111011111110111111111111111, sa_flags=SA_RESTART|SA_SIGINFO
SIGINT: [libjvm.dylib+0x46a1f9], sa_mask[0]=11111111011111110111111111111111, sa_flags=SA_RESTART|SA_SIGINFO
SIGTERM: [libjvm.dylib+0x46a1f9], sa_mask[0]=11111111011111110111111111111111, sa_flags=SA_RESTART|SA_SIGINFO
SIGQUIT: [libjvm.dylib+0x46a1f9], sa_mask[0]=11111111011111110111111111111111, sa_flags=SA_RESTART|SA_SIGINFO


---------------  S Y S T E M  ---------------

OS:Bsduname:Darwin 15.0.0 Darwin Kernel Version 15.0.0: Wed Aug 26 16:57:32 PDT 2015; root:xnu-3247.1.106~1/RELEASE_X86_64 x86_64
rlimit: STACK 8192k, CORE 0k, NPROC 709, NOFILE 10240, AS infinity
load average:2.22 2.05 1.97

CPU:total 8 (4 cores per cpu, 2 threads per core) family 6 model 70 stepping 1, cmov, cx8, fxsr, mmx, sse, sse2, sse3, ssse3, sse4.1, sse4.2, popcnt, avx, avx2, aes, clmul, erms, lzcnt, ht, tsc, tscinvbit, bmi1, bmi2

Memory: 4k page, physical 16777216k(64944k free)

/proc/meminfo:


vm_info: Java HotSpot(TM) 64-Bit Server VM (25.45-b02) for bsd-amd64 JRE (1.8.0_45-b14), built on Apr 10 2015 10:46:38 by "java_re" with gcc 4.2.1 (Based on Apple Inc. build 5658) (LLVM build 2336.11.00)

time: Thu Oct 15 10:45:39 2015
elapsed time: 43 seconds (0d 0h 0m 43s)

